{"C:\\Dev\\CSC7084-WebDevProject\\app.ts": {"path":"C:\\Dev\\CSC7084-WebDevProject\\app.ts","statementMap":{"0":{"start":{"line":12,"column":12},"end":{"line":12,"column":21}},"1":{"start":{"line":14,"column":0},"end":{"line":14,"column":30}},"2":{"start":{"line":15,"column":0},"end":{"line":15,"column":48}},"3":{"start":{"line":26,"column":0},"end":{"line":26,"column":34}},"4":{"start":{"line":27,"column":0},"end":{"line":27,"column":24}},"5":{"start":{"line":28,"column":0},"end":{"line":28,"column":22}},"6":{"start":{"line":50,"column":0},"end":{"line":50,"column":29}},"7":{"start":{"line":58,"column":0},"end":{"line":60,"column":3}},"8":{"start":{"line":59,"column":2},"end":{"line":59,"column":24}},"9":{"start":{"line":62,"column":0},"end":{"line":64,"column":3}},"10":{"start":{"line":63,"column":2},"end":{"line":63,"column":22}},"11":{"start":{"line":66,"column":0},"end":{"line":68,"column":3}},"12":{"start":{"line":67,"column":2},"end":{"line":67,"column":25}},"13":{"start":{"line":70,"column":0},"end":{"line":72,"column":3}},"14":{"start":{"line":71,"column":2},"end":{"line":71,"column":21}},"15":{"start":{"line":75,"column":0},"end":{"line":78,"column":3}},"16":{"start":{"line":76,"column":2},"end":{"line":76,"column":23}},"17":{"start":{"line":77,"column":2},"end":{"line":77,"column":54}},"18":{"start":{"line":80,"column":0},"end":{"line":80,"column":21}}},"fnMap":{"0":{"name":"(anonymous_0)","decl":{"start":{"line":58,"column":13},"end":{"line":58,"column":14}},"loc":{"start":{"line":58,"column":46},"end":{"line":60,"column":1}},"line":58},"1":{"name":"(anonymous_1)","decl":{"start":{"line":62,"column":18},"end":{"line":62,"column":19}},"loc":{"start":{"line":62,"column":51},"end":{"line":64,"column":1}},"line":62},"2":{"name":"(anonymous_2)","decl":{"start":{"line":66,"column":21},"end":{"line":66,"column":22}},"loc":{"start":{"line":66,"column":54},"end":{"line":68,"column":1}},"line":66},"3":{"name":"(anonymous_3)","decl":{"start":{"line":70,"column":17},"end":{"line":70,"column":18}},"loc":{"start":{"line":70,"column":50},"end":{"line":72,"column":1}},"line":70},"4":{"name":"(anonymous_4)","decl":{"start":{"line":75,"column":13},"end":{"line":75,"column":14}},"loc":{"start":{"line":75,"column":46},"end":{"line":78,"column":1}},"line":75}},"branchMap":{},"s":{"0":1,"1":1,"2":1,"3":1,"4":1,"5":1,"6":1,"7":1,"8":0,"9":1,"10":0,"11":1,"12":0,"13":1,"14":0,"15":1,"16":0,"17":0,"18":1},"f":{"0":0,"1":0,"2":0,"3":0,"4":0},"b":{},"_coverageSchema":"1a1c01bbd47fc00a2c39e90264f33305004495a9","hash":"9cab352a7cfffacf6c8cd33bfbb3088447fc8d26"}
,"C:\\Dev\\CSC7084-WebDevProject\\lib\\dbConnection.ts": {"path":"C:\\Dev\\CSC7084-WebDevProject\\lib\\dbConnection.ts","statementMap":{"0":{"start":{"line":9,"column":21},"end":{"line":15,"column":4}},"1":{"start":{"line":16,"column":2},"end":{"line":16,"column":23}},"2":{"start":{"line":17,"column":2},"end":{"line":17,"column":20}}},"fnMap":{"0":{"name":"getConnection","decl":{"start":{"line":8,"column":9},"end":{"line":8,"column":22}},"loc":{"start":{"line":8,"column":51},"end":{"line":18,"column":1}},"line":8}},"branchMap":{"0":{"loc":{"start":{"line":8,"column":23},"end":{"line":8,"column":49}},"type":"default-arg","locations":[{"start":{"line":8,"column":44},"end":{"line":8,"column":49}}],"line":8}},"s":{"0":3,"1":3,"2":3},"f":{"0":3},"b":{"0":[3]},"_coverageSchema":"1a1c01bbd47fc00a2c39e90264f33305004495a9","hash":"aef327eb341b84d7b39163f594dbe90b28e8e93b"}
,"C:\\Dev\\CSC7084-WebDevProject\\lib\\jwtHelpers.ts": {"path":"C:\\Dev\\CSC7084-WebDevProject\\lib\\jwtHelpers.ts","statementMap":{"0":{"start":{"line":10,"column":15},"end":{"line":14,"column":3}},"1":{"start":{"line":15,"column":2},"end":{"line":15,"column":57}},"2":{"start":{"line":24,"column":2},"end":{"line":24,"column":60}}},"fnMap":{"0":{"name":"createToken","decl":{"start":{"line":9,"column":9},"end":{"line":9,"column":20}},"loc":{"start":{"line":9,"column":107},"end":{"line":16,"column":1}},"line":9},"1":{"name":"verifyToken","decl":{"start":{"line":23,"column":9},"end":{"line":23,"column":20}},"loc":{"start":{"line":23,"column":36},"end":{"line":25,"column":1}},"line":23}},"branchMap":{"0":{"loc":{"start":{"line":9,"column":39},"end":{"line":9,"column":65}},"type":"default-arg","locations":[{"start":{"line":9,"column":44},"end":{"line":9,"column":65}}],"line":9},"1":{"loc":{"start":{"line":9,"column":67},"end":{"line":9,"column":105}},"type":"default-arg","locations":[{"start":{"line":9,"column":76},"end":{"line":9,"column":105}}],"line":9}},"s":{"0":4,"1":4,"2":2},"f":{"0":4,"1":2},"b":{"0":[4],"1":[4]},"_coverageSchema":"1a1c01bbd47fc00a2c39e90264f33305004495a9","hash":"4c977c67e3d3c5fca5dd0e0542743be7a2594604"}
,"C:\\Dev\\CSC7084-WebDevProject\\models\\authResponses.ts": {"path":"C:\\Dev\\CSC7084-WebDevProject\\models\\authResponses.ts","statementMap":{"0":{"start":{"line":4,"column":4},"end":{"line":4,"column":19}},"1":{"start":{"line":11,"column":4},"end":{"line":11,"column":27}},"2":{"start":{"line":19,"column":4},"end":{"line":19,"column":27}},"3":{"start":{"line":20,"column":4},"end":{"line":20,"column":23}}},"fnMap":{"0":{"name":"(anonymous_0)","decl":{"start":{"line":3,"column":2},"end":{"line":3,"column":3}},"loc":{"start":{"line":3,"column":29},"end":{"line":5,"column":3}},"line":3},"1":{"name":"(anonymous_1)","decl":{"start":{"line":10,"column":2},"end":{"line":10,"column":3}},"loc":{"start":{"line":10,"column":32},"end":{"line":12,"column":3}},"line":10},"2":{"name":"(anonymous_2)","decl":{"start":{"line":18,"column":2},"end":{"line":18,"column":3}},"loc":{"start":{"line":18,"column":47},"end":{"line":21,"column":3}},"line":18}},"branchMap":{},"s":{"0":10,"1":0,"2":0,"3":0},"f":{"0":10,"1":0,"2":0},"b":{},"_coverageSchema":"1a1c01bbd47fc00a2c39e90264f33305004495a9","hash":"26622de3bbe9239080013c3a7f2fc4bbacb3232f"}
,"C:\\Dev\\CSC7084-WebDevProject\\routes\\authRouter.ts": {"path":"C:\\Dev\\CSC7084-WebDevProject\\routes\\authRouter.ts","statementMap":{"0":{"start":{"line":8,"column":19},"end":{"line":8,"column":35}},"1":{"start":{"line":25,"column":0},"end":{"line":25,"column":54}},"2":{"start":{"line":26,"column":0},"end":{"line":26,"column":31}},"3":{"start":{"line":34,"column":0},"end":{"line":34,"column":43}},"4":{"start":{"line":37,"column":0},"end":{"line":40,"column":3}},"5":{"start":{"line":39,"column":2},"end":{"line":39,"column":30}},"6":{"start":{"line":42,"column":0},"end":{"line":42,"column":44}},"7":{"start":{"line":44,"column":0},"end":{"line":44,"column":75}}},"fnMap":{"0":{"name":"(anonymous_0)","decl":{"start":{"line":37,"column":40},"end":{"line":37,"column":41}},"loc":{"start":{"line":37,"column":79},"end":{"line":40,"column":1}},"line":37}},"branchMap":{},"s":{"0":2,"1":2,"2":2,"3":2,"4":2,"5":1,"6":2,"7":2},"f":{"0":1},"b":{},"_coverageSchema":"1a1c01bbd47fc00a2c39e90264f33305004495a9","hash":"722f141d01b53197bb29e3062669d29c1221b519"}
,"C:\\Dev\\CSC7084-WebDevProject\\routes\\middleware\\authenticate.ts": {"path":"C:\\Dev\\CSC7084-WebDevProject\\routes\\middleware\\authenticate.ts","statementMap":{"0":{"start":{"line":18,"column":16},"end":{"line":18,"column":21}},"1":{"start":{"line":19,"column":2},"end":{"line":36,"column":3}},"2":{"start":{"line":21,"column":4},"end":{"line":35,"column":5}},"3":{"start":{"line":22,"column":25},"end":{"line":22,"column":55}},"4":{"start":{"line":24,"column":6},"end":{"line":31,"column":7}},"5":{"start":{"line":25,"column":8},"end":{"line":25,"column":23}},"6":{"start":{"line":27,"column":8},"end":{"line":27,"column":45}},"7":{"start":{"line":30,"column":8},"end":{"line":30,"column":33}},"8":{"start":{"line":33,"column":6},"end":{"line":33,"column":31}},"9":{"start":{"line":34,"column":6},"end":{"line":34,"column":57}},"10":{"start":{"line":34,"column":32},"end":{"line":34,"column":57}},"11":{"start":{"line":38,"column":2},"end":{"line":38,"column":30}},"12":{"start":{"line":39,"column":2},"end":{"line":39,"column":9}}},"fnMap":{"0":{"name":"authenticate","decl":{"start":{"line":17,"column":9},"end":{"line":17,"column":21}},"loc":{"start":{"line":17,"column":71},"end":{"line":40,"column":1}},"line":17}},"branchMap":{"0":{"loc":{"start":{"line":19,"column":2},"end":{"line":36,"column":3}},"type":"if","locations":[{"start":{"line":19,"column":2},"end":{"line":36,"column":3}},{"start":{},"end":{}}],"line":19},"1":{"loc":{"start":{"line":19,"column":6},"end":{"line":19,"column":38}},"type":"binary-expr","locations":[{"start":{"line":19,"column":6},"end":{"line":19,"column":17}},{"start":{"line":19,"column":21},"end":{"line":19,"column":38}}],"line":19},"2":{"loc":{"start":{"line":24,"column":6},"end":{"line":31,"column":7}},"type":"if","locations":[{"start":{"line":24,"column":6},"end":{"line":31,"column":7}},{"start":{"line":29,"column":13},"end":{"line":31,"column":7}}],"line":24},"3":{"loc":{"start":{"line":34,"column":6},"end":{"line":34,"column":57}},"type":"if","locations":[{"start":{"line":34,"column":6},"end":{"line":34,"column":57}},{"start":{},"end":{}}],"line":34}},"s":{"0":2,"1":2,"2":2,"3":2,"4":2,"5":2,"6":2,"7":0,"8":0,"9":0,"10":0,"11":2,"12":2},"f":{"0":2},"b":{"0":[2,0],"1":[2,2],"2":[2,0],"3":[0,0]},"_coverageSchema":"1a1c01bbd47fc00a2c39e90264f33305004495a9","hash":"416269d44b734db872dd3e7402fb0bda5a731e57"}
,"C:\\Dev\\CSC7084-WebDevProject\\routes\\middleware\\login.ts": {"path":"C:\\Dev\\CSC7084-WebDevProject\\routes\\middleware\\login.ts","statementMap":{"0":{"start":{"line":28,"column":28},"end":{"line":28,"column":30}},"1":{"start":{"line":30,"column":1},"end":{"line":32,"column":2}},"2":{"start":{"line":31,"column":2},"end":{"line":31,"column":77}},"3":{"start":{"line":33,"column":1},"end":{"line":35,"column":2}},"4":{"start":{"line":34,"column":2},"end":{"line":34,"column":62}},"5":{"start":{"line":36,"column":1},"end":{"line":38,"column":2}},"6":{"start":{"line":37,"column":2},"end":{"line":37,"column":62}},"7":{"start":{"line":41,"column":1},"end":{"line":44,"column":2}},"8":{"start":{"line":42,"column":2},"end":{"line":42,"column":35}},"9":{"start":{"line":43,"column":2},"end":{"line":43,"column":9}},"10":{"start":{"line":47,"column":13},"end":{"line":47,"column":36}},"11":{"start":{"line":49,"column":32},"end":{"line":49,"column":40}},"12":{"start":{"line":50,"column":1},"end":{"line":54,"column":3}},"13":{"start":{"line":53,"column":30},"end":{"line":53,"column":84}},"14":{"start":{"line":55,"column":1},"end":{"line":55,"column":11}},"15":{"start":{"line":59,"column":1},"end":{"line":59,"column":24}},"16":{"start":{"line":59,"column":12},"end":{"line":59,"column":24}},"17":{"start":{"line":61,"column":1},"end":{"line":61,"column":22}},"18":{"start":{"line":62,"column":16},"end":{"line":62,"column":42}},"19":{"start":{"line":65,"column":1},"end":{"line":69,"column":2}},"20":{"start":{"line":66,"column":2},"end":{"line":66,"column":33}},"21":{"start":{"line":67,"column":2},"end":{"line":67,"column":27}},"22":{"start":{"line":68,"column":2},"end":{"line":68,"column":45}},"23":{"start":{"line":72,"column":1},"end":{"line":72,"column":8}}},"fnMap":{"0":{"name":"login","decl":{"start":{"line":25,"column":24},"end":{"line":25,"column":29}},"loc":{"start":{"line":25,"column":118},"end":{"line":56,"column":1}},"line":25},"1":{"name":"(anonymous_1)","decl":{"start":{"line":53,"column":2},"end":{"line":53,"column":3}},"loc":{"start":{"line":53,"column":30},"end":{"line":53,"column":84}},"line":53},"2":{"name":"authenticateLogin","decl":{"start":{"line":58,"column":16},"end":{"line":58,"column":33}},"loc":{"start":{"line":58,"column":133},"end":{"line":73,"column":1}},"line":58}},"branchMap":{"0":{"loc":{"start":{"line":25,"column":79},"end":{"line":25,"column":116}},"type":"default-arg","locations":[{"start":{"line":25,"column":103},"end":{"line":25,"column":116}}],"line":25},"1":{"loc":{"start":{"line":30,"column":1},"end":{"line":32,"column":2}},"type":"if","locations":[{"start":{"line":30,"column":1},"end":{"line":32,"column":2}},{"start":{},"end":{}}],"line":30},"2":{"loc":{"start":{"line":33,"column":1},"end":{"line":35,"column":2}},"type":"if","locations":[{"start":{"line":33,"column":1},"end":{"line":35,"column":2}},{"start":{},"end":{}}],"line":33},"3":{"loc":{"start":{"line":36,"column":1},"end":{"line":38,"column":2}},"type":"if","locations":[{"start":{"line":36,"column":1},"end":{"line":38,"column":2}},{"start":{},"end":{}}],"line":36},"4":{"loc":{"start":{"line":41,"column":1},"end":{"line":44,"column":2}},"type":"if","locations":[{"start":{"line":41,"column":1},"end":{"line":44,"column":2}},{"start":{},"end":{}}],"line":41},"5":{"loc":{"start":{"line":59,"column":1},"end":{"line":59,"column":24}},"type":"if","locations":[{"start":{"line":59,"column":1},"end":{"line":59,"column":24}},{"start":{},"end":{}}],"line":59},"6":{"loc":{"start":{"line":65,"column":1},"end":{"line":69,"column":2}},"type":"if","locations":[{"start":{"line":65,"column":1},"end":{"line":69,"column":2}},{"start":{},"end":{}}],"line":65}},"s":{"0":9,"1":9,"2":3,"3":9,"4":4,"5":9,"6":4,"7":9,"8":5,"9":5,"10":4,"11":4,"12":4,"13":4,"14":4,"15":7,"16":1,"17":6,"18":6,"19":6,"20":3,"21":3,"22":3,"23":6},"f":{"0":9,"1":4,"2":7},"b":{"0":[8],"1":[3,6],"2":[4,5],"3":[4,5],"4":[5,4],"5":[1,6],"6":[3,3]},"_coverageSchema":"1a1c01bbd47fc00a2c39e90264f33305004495a9","hash":"320ac37ad53ecbb3fc1eb6e0571f94ce4ca75c1a"}
,"C:\\Dev\\CSC7084-WebDevProject\\routes\\middleware\\logout.ts": {"path":"C:\\Dev\\CSC7084-WebDevProject\\routes\\middleware\\logout.ts","statementMap":{"0":{"start":{"line":11,"column":2},"end":{"line":11,"column":27}},"1":{"start":{"line":12,"column":2},"end":{"line":12,"column":9}}},"fnMap":{"0":{"name":"logout","decl":{"start":{"line":10,"column":9},"end":{"line":10,"column":15}},"loc":{"start":{"line":10,"column":65},"end":{"line":13,"column":1}},"line":10}},"branchMap":{},"s":{"0":0,"1":0},"f":{"0":0},"b":{},"_coverageSchema":"1a1c01bbd47fc00a2c39e90264f33305004495a9","hash":"9991c3def8c79de303158bfa5a75e6fd61e5a2ad"}
,"C:\\Dev\\CSC7084-WebDevProject\\routes\\middleware\\redirect.ts": {"path":"C:\\Dev\\CSC7084-WebDevProject\\routes\\middleware\\redirect.ts","statementMap":{"0":{"start":{"line":7,"column":36},"end":{"line":7,"column":38}},"1":{"start":{"line":9,"column":2},"end":{"line":18,"column":3}},"2":{"start":{"line":11,"column":6},"end":{"line":11,"column":84}},"3":{"start":{"line":12,"column":6},"end":{"line":12,"column":12}},"4":{"start":{"line":14,"column":6},"end":{"line":14,"column":99}},"5":{"start":{"line":15,"column":6},"end":{"line":15,"column":12}},"6":{"start":{"line":17,"column":6},"end":{"line":17,"column":31}},"7":{"start":{"line":19,"column":2},"end":{"line":19,"column":36}}},"fnMap":{"0":{"name":"redirect","decl":{"start":{"line":6,"column":9},"end":{"line":6,"column":17}},"loc":{"start":{"line":6,"column":67},"end":{"line":20,"column":1}},"line":6}},"branchMap":{"0":{"loc":{"start":{"line":9,"column":2},"end":{"line":18,"column":3}},"type":"switch","locations":[{"start":{"line":10,"column":4},"end":{"line":12,"column":12}},{"start":{"line":13,"column":4},"end":{"line":15,"column":12}},{"start":{"line":16,"column":4},"end":{"line":17,"column":31}}],"line":9},"1":{"loc":{"start":{"line":11,"column":28},"end":{"line":11,"column":83}},"type":"cond-expr","locations":[{"start":{"line":11,"column":60},"end":{"line":11,"column":77}},{"start":{"line":11,"column":80},"end":{"line":11,"column":83}}],"line":11},"2":{"loc":{"start":{"line":11,"column":28},"end":{"line":11,"column":57}},"type":"binary-expr","locations":[{"start":{"line":11,"column":28},"end":{"line":11,"column":36}},{"start":{"line":11,"column":40},"end":{"line":11,"column":57}}],"line":11},"3":{"loc":{"start":{"line":14,"column":28},"end":{"line":14,"column":98}},"type":"cond-expr","locations":[{"start":{"line":14,"column":62},"end":{"line":14,"column":92}},{"start":{"line":14,"column":95},"end":{"line":14,"column":98}}],"line":14},"4":{"loc":{"start":{"line":14,"column":28},"end":{"line":14,"column":59}},"type":"binary-expr","locations":[{"start":{"line":14,"column":28},"end":{"line":14,"column":37}},{"start":{"line":14,"column":41},"end":{"line":14,"column":59}}],"line":14}},"s":{"0":3,"1":3,"2":3,"3":3,"4":0,"5":0,"6":0,"7":3},"f":{"0":3},"b":{"0":[3,0,0],"1":[0,3],"2":[3,3],"3":[0,0],"4":[0,0]},"_coverageSchema":"1a1c01bbd47fc00a2c39e90264f33305004495a9","hash":"0ac442753ba3861442b8d0109d7c836a86ce4dde"}
,"C:\\Dev\\CSC7084-WebDevProject\\routes\\middleware\\registration.ts": {"path":"C:\\Dev\\CSC7084-WebDevProject\\routes\\middleware\\registration.ts","statementMap":{"0":{"start":{"line":1,"column":20},"end":{"line":1,"column":38}},"1":{"start":{"line":16,"column":2},"end":{"line":19,"column":3}},"2":{"start":{"line":17,"column":4},"end":{"line":17,"column":95}},"3":{"start":{"line":18,"column":4},"end":{"line":18,"column":11}},"4":{"start":{"line":22,"column":19},"end":{"line":22,"column":36}},"5":{"start":{"line":23,"column":16},"end":{"line":23,"column":30}},"6":{"start":{"line":24,"column":19},"end":{"line":24,"column":36}},"7":{"start":{"line":28,"column":22},"end":{"line":28,"column":24}},"8":{"start":{"line":31,"column":14},"end":{"line":31,"column":33}},"9":{"start":{"line":32,"column":2},"end":{"line":57,"column":5}},"10":{"start":{"line":35,"column":4},"end":{"line":35,"column":27}},"11":{"start":{"line":35,"column":15},"end":{"line":35,"column":27}},"12":{"start":{"line":37,"column":26},"end":{"line":37,"column":53}},"13":{"start":{"line":38,"column":23},"end":{"line":38,"column":47}},"14":{"start":{"line":41,"column":4},"end":{"line":43,"column":5}},"15":{"start":{"line":42,"column":6},"end":{"line":42,"column":57}},"16":{"start":{"line":44,"column":4},"end":{"line":46,"column":5}},"17":{"start":{"line":45,"column":6},"end":{"line":45,"column":51}},"18":{"start":{"line":48,"column":4},"end":{"line":54,"column":5}},"19":{"start":{"line":49,"column":6},"end":{"line":49,"column":32}},"20":{"start":{"line":50,"column":6},"end":{"line":50,"column":51}},"21":{"start":{"line":52,"column":6},"end":{"line":52,"column":33}},"22":{"start":{"line":53,"column":6},"end":{"line":53,"column":33}},"23":{"start":{"line":56,"column":4},"end":{"line":56,"column":11}},"24":{"start":{"line":58,"column":2},"end":{"line":58,"column":12}},"25":{"start":{"line":65,"column":2},"end":{"line":76,"column":3}},"26":{"start":{"line":68,"column":40},"end":{"line":68,"column":55}},"27":{"start":{"line":69,"column":16},"end":{"line":69,"column":31}},"28":{"start":{"line":70,"column":4},"end":{"line":73,"column":7}},"29":{"start":{"line":71,"column":6},"end":{"line":71,"column":29}},"30":{"start":{"line":71,"column":17},"end":{"line":71,"column":29}},"31":{"start":{"line":77,"column":2},"end":{"line":77,"column":9}}},"fnMap":{"0":{"name":"validateRegistrationForm","decl":{"start":{"line":13,"column":9},"end":{"line":13,"column":33}},"loc":{"start":{"line":13,"column":83},"end":{"line":59,"column":1}},"line":13},"1":{"name":"(anonymous_1)","decl":{"start":{"line":34,"column":87},"end":{"line":34,"column":88}},"loc":{"start":{"line":34,"column":121},"end":{"line":57,"column":3}},"line":34},"2":{"name":"register","decl":{"start":{"line":64,"column":9},"end":{"line":64,"column":17}},"loc":{"start":{"line":64,"column":67},"end":{"line":78,"column":1}},"line":64},"3":{"name":"(anonymous_3)","decl":{"start":{"line":70,"column":131},"end":{"line":70,"column":132}},"loc":{"start":{"line":70,"column":165},"end":{"line":73,"column":5}},"line":70}},"branchMap":{"0":{"loc":{"start":{"line":16,"column":2},"end":{"line":19,"column":3}},"type":"if","locations":[{"start":{"line":16,"column":2},"end":{"line":19,"column":3}},{"start":{},"end":{}}],"line":16},"1":{"loc":{"start":{"line":16,"column":6},"end":{"line":16,"column":78}},"type":"binary-expr","locations":[{"start":{"line":16,"column":6},"end":{"line":16,"column":15}},{"start":{"line":16,"column":19},"end":{"line":16,"column":37}},{"start":{"line":16,"column":41},"end":{"line":16,"column":56}},{"start":{"line":16,"column":60},"end":{"line":16,"column":78}}],"line":16},"2":{"loc":{"start":{"line":35,"column":4},"end":{"line":35,"column":27}},"type":"if","locations":[{"start":{"line":35,"column":4},"end":{"line":35,"column":27}},{"start":{},"end":{}}],"line":35},"3":{"loc":{"start":{"line":41,"column":4},"end":{"line":43,"column":5}},"type":"if","locations":[{"start":{"line":41,"column":4},"end":{"line":43,"column":5}},{"start":{},"end":{}}],"line":41},"4":{"loc":{"start":{"line":44,"column":4},"end":{"line":46,"column":5}},"type":"if","locations":[{"start":{"line":44,"column":4},"end":{"line":46,"column":5}},{"start":{},"end":{}}],"line":44},"5":{"loc":{"start":{"line":48,"column":4},"end":{"line":54,"column":5}},"type":"if","locations":[{"start":{"line":48,"column":4},"end":{"line":54,"column":5}},{"start":{"line":51,"column":11},"end":{"line":54,"column":5}}],"line":48},"6":{"loc":{"start":{"line":65,"column":2},"end":{"line":76,"column":3}},"type":"if","locations":[{"start":{"line":65,"column":2},"end":{"line":76,"column":3}},{"start":{"line":74,"column":9},"end":{"line":76,"column":3}}],"line":65},"7":{"loc":{"start":{"line":65,"column":6},"end":{"line":65,"column":55}},"type":"binary-expr","locations":[{"start":{"line":65,"column":6},"end":{"line":65,"column":24}},{"start":{"line":65,"column":28},"end":{"line":65,"column":55}}],"line":65},"8":{"loc":{"start":{"line":71,"column":6},"end":{"line":71,"column":29}},"type":"if","locations":[{"start":{"line":71,"column":6},"end":{"line":71,"column":29}},{"start":{},"end":{}}],"line":71}},"s":{"0":2,"1":0,"2":0,"3":0,"4":0,"5":0,"6":0,"7":0,"8":0,"9":0,"10":0,"11":0,"12":0,"13":0,"14":0,"15":0,"16":0,"17":0,"18":0,"19":0,"20":0,"21":0,"22":0,"23":0,"24":0,"25":0,"26":0,"27":0,"28":0,"29":0,"30":0,"31":0},"f":{"0":0,"1":0,"2":0,"3":0},"b":{"0":[0,0],"1":[0,0,0,0],"2":[0,0],"3":[0,0],"4":[0,0],"5":[0,0],"6":[0,0],"7":[0,0],"8":[0,0]},"_coverageSchema":"1a1c01bbd47fc00a2c39e90264f33305004495a9","hash":"a192c3088c1ec5048906979b8ce7a61fd5816ee1"}
,"C:\\Dev\\CSC7084-WebDevProject\\test\\functional\\helpers\\extractToken.js": {"path":"C:\\Dev\\CSC7084-WebDevProject\\test\\functional\\helpers\\extractToken.js","statementMap":{"0":{"start":{"line":1,"column":12},"end":{"line":1,"column":35}},"1":{"start":{"line":3,"column":27},"end":{"line":3,"column":55}},"2":{"start":{"line":11,"column":17},"end":{"line":11,"column":43}},"3":{"start":{"line":12,"column":2},"end":{"line":12,"column":64}},"4":{"start":{"line":12,"column":28},"end":{"line":12,"column":64}},"5":{"start":{"line":13,"column":14},"end":{"line":13,"column":59}},"6":{"start":{"line":13,"column":50},"end":{"line":13,"column":58}},"7":{"start":{"line":14,"column":23},"end":{"line":18,"column":11}},"8":{"start":{"line":15,"column":4},"end":{"line":15,"column":33}},"9":{"start":{"line":15,"column":22},"end":{"line":15,"column":33}},"10":{"start":{"line":16,"column":4},"end":{"line":16,"column":37}},"11":{"start":{"line":16,"column":25},"end":{"line":16,"column":37}},"12":{"start":{"line":17,"column":4},"end":{"line":17,"column":15}},"13":{"start":{"line":19,"column":2},"end":{"line":19,"column":65}},"14":{"start":{"line":22,"column":0},"end":{"line":22,"column":52}}},"fnMap":{"0":{"name":"extractToken","decl":{"start":{"line":10,"column":9},"end":{"line":10,"column":21}},"loc":{"start":{"line":10,"column":32},"end":{"line":20,"column":1}},"line":10},"1":{"name":"(anonymous_1)","decl":{"start":{"line":13,"column":43},"end":{"line":13,"column":44}},"loc":{"start":{"line":13,"column":50},"end":{"line":13,"column":58}},"line":13},"2":{"name":"(anonymous_2)","decl":{"start":{"line":14,"column":34},"end":{"line":14,"column":35}},"loc":{"start":{"line":14,"column":48},"end":{"line":18,"column":3}},"line":14}},"branchMap":{"0":{"loc":{"start":{"line":12,"column":2},"end":{"line":12,"column":64}},"type":"if","locations":[{"start":{"line":12,"column":2},"end":{"line":12,"column":64}},{"start":{},"end":{}}],"line":12},"1":{"loc":{"start":{"line":15,"column":4},"end":{"line":15,"column":33}},"type":"if","locations":[{"start":{"line":15,"column":4},"end":{"line":15,"column":33}},{"start":{},"end":{}}],"line":15},"2":{"loc":{"start":{"line":16,"column":4},"end":{"line":16,"column":37}},"type":"if","locations":[{"start":{"line":16,"column":4},"end":{"line":16,"column":37}},{"start":{},"end":{}}],"line":16}},"s":{"0":1,"1":1,"2":3,"3":3,"4":2,"5":1,"6":4,"7":1,"8":4,"9":1,"10":3,"11":1,"12":2,"13":1,"14":1},"f":{"0":3,"1":4,"2":4},"b":{"0":[2,1],"1":[1,3],"2":[1,2]},"_coverageSchema":"1a1c01bbd47fc00a2c39e90264f33305004495a9","hash":"9b0840b5c83f65788986de97c1cee28ad19aeb34"}
}
