TN:
SF:app.js
FN:60,(anonymous_0)
FN:64,(anonymous_1)
FN:68,(anonymous_2)
FN:73,(anonymous_3)
FNF:4
FNH:0
FNDA:0,(anonymous_0)
FNDA:0,(anonymous_1)
FNDA:0,(anonymous_2)
FNDA:0,(anonymous_3)
DA:7,1
DA:8,1
DA:9,1
DA:10,1
DA:11,1
DA:13,1
DA:17,1
DA:18,1
DA:26,1
DA:27,1
DA:29,1
DA:30,1
DA:31,1
DA:52,1
DA:60,1
DA:61,0
DA:64,1
DA:65,0
DA:68,1
DA:69,0
DA:73,1
DA:74,0
DA:77,1
LF:23
LH:19
BRF:0
BRH:0
end_of_record
TN:
SF:lib\dbConnection.js
FN:3,getConnection
FNF:1
FNH:1
FNDA:3,getConnection
DA:1,3
DA:4,3
DA:11,3
DA:12,3
DA:15,3
LF:5
LH:5
BRDA:3,0,0,3
BRF:1
BRH:1
end_of_record
TN:
SF:lib\jwtHelpers.js
FN:9,createToken
FN:23,verifyToken
FNF:2
FNH:2
FNDA:2,createToken
FNDA:2,verifyToken
DA:1,3
DA:10,2
DA:15,2
DA:24,2
DA:27,3
LF:5
LH:5
BRDA:9,0,0,2
BRF:1
BRH:1
end_of_record
TN:
SF:models\authResponses.js
FN:2,(anonymous_0)
FN:8,(anonymous_1)
FN:14,(anonymous_2)
FNF:3
FNH:0
FNDA:0,(anonymous_0)
FNDA:0,(anonymous_1)
FNDA:0,(anonymous_2)
DA:3,0
DA:9,0
DA:15,0
DA:16,0
DA:17,0
DA:27,3
LF:6
LH:1
BRDA:14,0,0,0
BRDA:16,1,0,0
BRDA:16,1,1,0
BRF:3
BRH:0
end_of_record
TN:
SF:routes\authRouter.js
FN:34,(anonymous_0)
FNF:1
FNH:1
FNDA:1,(anonymous_0)
DA:7,2
DA:8,2
DA:9,2
DA:17,2
DA:18,2
DA:19,2
DA:20,2
DA:21,2
DA:23,2
DA:31,2
DA:34,2
DA:36,1
DA:39,2
DA:41,2
DA:44,2
LF:15
LH:15
BRF:0
BRH:0
end_of_record
TN:
SF:routes\middleware\authenticate.js
FN:16,authenticate
FNF:1
FNH:1
FNDA:2,authenticate
DA:1,2
DA:2,2
DA:3,2
DA:17,2
DA:18,2
DA:20,2
DA:21,2
DA:23,2
DA:24,2
DA:26,2
DA:29,0
DA:32,0
DA:33,0
DA:37,2
DA:38,2
DA:47,2
LF:16
LH:13
BRDA:18,0,0,2
BRDA:18,0,1,0
BRDA:18,1,0,2
BRDA:18,1,1,2
BRDA:23,2,0,2
BRDA:23,2,1,0
BRF:6
BRH:4
end_of_record
TN:
SF:routes\middleware\login.js
FN:12,login
FN:25,(anonymous_1)
FN:43,validateLoginRequest
FNF:3
FNH:3
FNDA:3,login
FNDA:3,(anonymous_1)
FNDA:9,validateLoginRequest
DA:1,3
DA:2,3
DA:3,3
DA:14,3
DA:15,3
DA:16,0
DA:17,0
DA:21,3
DA:24,3
DA:25,3
DA:26,3
DA:28,3
DA:31,3
DA:33,1
DA:34,1
DA:38,3
DA:40,3
DA:44,9
DA:46,9
DA:47,3
DA:49,9
DA:50,2
DA:52,9
DA:53,2
DA:56,9
DA:59,3
DA:60,3
LF:27
LH:25
BRDA:15,0,0,0
BRDA:15,0,1,3
BRDA:26,1,0,0
BRDA:26,1,1,3
BRDA:31,2,0,1
BRDA:31,2,1,2
BRDA:46,3,0,3
BRDA:46,3,1,6
BRDA:49,4,0,2
BRDA:49,4,1,7
BRDA:52,5,0,2
BRDA:52,5,1,7
BRF:12
BRH:10
end_of_record
TN:
SF:routes\middleware\logout.js
FN:8,logout
FNF:1
FNH:0
FNDA:0,logout
DA:9,0
DA:10,0
DA:13,2
LF:3
LH:1
BRF:0
BRH:0
end_of_record
TN:
SF:routes\middleware\redirect.js
FN:5,redirect
FNF:1
FNH:1
FNDA:3,redirect
DA:7,3
DA:9,3
DA:11,3
DA:12,3
DA:14,0
DA:15,0
DA:17,0
DA:19,3
DA:22,2
LF:9
LH:6
BRDA:9,0,0,3
BRDA:9,0,1,0
BRDA:9,0,2,0
BRDA:11,1,0,0
BRDA:11,1,1,3
BRDA:11,2,0,3
BRDA:11,2,1,3
BRDA:14,3,0,0
BRDA:14,3,1,0
BRDA:14,4,0,0
BRDA:14,4,1,0
BRF:11
BRH:4
end_of_record
TN:
SF:routes\middleware\registration.js
FN:12,validateRegistrationForm
FN:33,(anonymous_1)
FN:63,register
FN:69,(anonymous_3)
FN:79,validateUsername
FNF:5
FNH:0
FNDA:0,validateRegistrationForm
FNDA:0,(anonymous_1)
FNDA:0,register
FNDA:0,(anonymous_3)
FNDA:0,validateUsername
DA:1,2
DA:2,2
DA:3,2
DA:15,0
DA:16,0
DA:17,0
DA:21,0
DA:22,0
DA:23,0
DA:27,0
DA:30,0
DA:31,0
DA:34,0
DA:36,0
DA:37,0
DA:40,0
DA:41,0
DA:43,0
DA:44,0
DA:47,0
DA:48,0
DA:49,0
DA:51,0
DA:52,0
DA:55,0
DA:57,0
DA:64,0
DA:67,0
DA:68,0
DA:69,0
DA:70,0
DA:76,0
DA:83,2
LF:33
LH:4
BRDA:15,0,0,0
BRDA:15,0,1,0
BRDA:15,1,0,0
BRDA:15,1,1,0
BRDA:15,1,2,0
BRDA:15,1,3,0
BRDA:34,2,0,0
BRDA:34,2,1,0
BRDA:40,3,0,0
BRDA:40,3,1,0
BRDA:43,4,0,0
BRDA:43,4,1,0
BRDA:47,5,0,0
BRDA:47,5,1,0
BRDA:64,6,0,0
BRDA:64,6,1,0
BRDA:64,7,0,0
BRDA:64,7,1,0
BRDA:70,8,0,0
BRDA:70,8,1,0
BRF:20
BRH:0
end_of_record
TN:
SF:test\functional\helpers\extractToken.js
FN:10,extractToken
FN:13,(anonymous_1)
FN:14,(anonymous_2)
FNF:3
FNH:3
FNDA:3,extractToken
FNDA:4,(anonymous_1)
FNDA:4,(anonymous_2)
DA:1,1
DA:3,1
DA:11,3
DA:12,3
DA:13,4
DA:14,1
DA:15,4
DA:16,3
DA:17,2
DA:19,1
DA:22,1
LF:11
LH:11
BRDA:12,0,0,2
BRDA:12,0,1,1
BRDA:15,1,0,1
BRDA:15,1,1,3
BRDA:16,2,0,1
BRDA:16,2,1,2
BRF:6
BRH:6
end_of_record
