TN:
SF:app.ts
FN:58,(anonymous_0)
FN:62,(anonymous_1)
FN:66,(anonymous_2)
FN:70,(anonymous_3)
FN:75,(anonymous_4)
FNF:5
FNH:0
FNDA:0,(anonymous_0)
FNDA:0,(anonymous_1)
FNDA:0,(anonymous_2)
FNDA:0,(anonymous_3)
FNDA:0,(anonymous_4)
DA:12,1
DA:14,1
DA:15,1
DA:26,1
DA:27,1
DA:28,1
DA:50,1
DA:58,1
DA:59,0
DA:62,1
DA:63,0
DA:66,1
DA:67,0
DA:70,1
DA:71,0
DA:75,1
DA:76,0
DA:77,0
DA:80,1
LF:19
LH:13
BRF:0
BRH:0
end_of_record
TN:
SF:lib\dbConnection.ts
FN:8,getConnection
FNF:1
FNH:1
FNDA:3,getConnection
DA:9,3
DA:16,3
DA:17,3
LF:3
LH:3
BRDA:8,0,0,3
BRF:1
BRH:1
end_of_record
TN:
SF:lib\jwtHelpers.ts
FN:9,createToken
FN:23,verifyToken
FNF:2
FNH:2
FNDA:4,createToken
FNDA:2,verifyToken
DA:10,4
DA:15,4
DA:24,2
LF:3
LH:3
BRDA:9,0,0,4
BRDA:9,1,0,4
BRF:2
BRH:2
end_of_record
TN:
SF:models\authResponses.ts
FN:3,(anonymous_0)
FN:10,(anonymous_1)
FN:18,(anonymous_2)
FNF:3
FNH:1
FNDA:10,(anonymous_0)
FNDA:0,(anonymous_1)
FNDA:0,(anonymous_2)
DA:4,10
DA:11,0
DA:19,0
DA:20,0
LF:4
LH:1
BRF:0
BRH:0
end_of_record
TN:
SF:routes\authRouter.ts
FN:37,(anonymous_0)
FNF:1
FNH:1
FNDA:1,(anonymous_0)
DA:8,2
DA:25,2
DA:26,2
DA:34,2
DA:37,2
DA:39,1
DA:42,2
DA:44,2
LF:8
LH:8
BRF:0
BRH:0
end_of_record
TN:
SF:routes\middleware\authenticate.ts
FN:17,authenticate
FNF:1
FNH:1
FNDA:2,authenticate
DA:18,2
DA:19,2
DA:21,2
DA:22,2
DA:24,2
DA:25,2
DA:27,2
DA:30,0
DA:33,0
DA:34,0
DA:38,2
DA:39,2
LF:12
LH:9
BRDA:19,0,0,2
BRDA:19,0,1,0
BRDA:19,1,0,2
BRDA:19,1,1,2
BRDA:24,2,0,2
BRDA:24,2,1,0
BRDA:34,3,0,0
BRDA:34,3,1,0
BRF:8
BRH:4
end_of_record
TN:
SF:routes\middleware\login.ts
FN:25,login
FN:53,(anonymous_1)
FN:58,authenticateLogin
FNF:3
FNH:3
FNDA:9,login
FNDA:4,(anonymous_1)
FNDA:7,authenticateLogin
DA:28,9
DA:30,9
DA:31,3
DA:33,9
DA:34,4
DA:36,9
DA:37,4
DA:41,9
DA:42,5
DA:43,5
DA:47,4
DA:49,4
DA:50,4
DA:53,4
DA:55,4
DA:59,7
DA:61,6
DA:62,6
DA:65,6
DA:66,3
DA:67,3
DA:68,3
DA:72,6
LF:23
LH:23
BRDA:25,0,0,8
BRDA:30,1,0,3
BRDA:30,1,1,6
BRDA:33,2,0,4
BRDA:33,2,1,5
BRDA:36,3,0,4
BRDA:36,3,1,5
BRDA:41,4,0,5
BRDA:41,4,1,4
BRDA:59,5,0,1
BRDA:59,5,1,6
BRDA:65,6,0,3
BRDA:65,6,1,3
BRF:13
BRH:13
end_of_record
TN:
SF:routes\middleware\logout.ts
FN:10,logout
FNF:1
FNH:0
FNDA:0,logout
DA:11,0
DA:12,0
LF:2
LH:0
BRF:0
BRH:0
end_of_record
TN:
SF:routes\middleware\redirect.ts
FN:6,redirect
FNF:1
FNH:1
FNDA:3,redirect
DA:7,3
DA:9,3
DA:11,3
DA:12,3
DA:14,0
DA:15,0
DA:17,0
DA:19,3
LF:8
LH:5
BRDA:9,0,0,3
BRDA:9,0,1,0
BRDA:9,0,2,0
BRDA:11,1,0,0
BRDA:11,1,1,3
BRDA:11,2,0,3
BRDA:11,2,1,3
BRDA:14,3,0,0
BRDA:14,3,1,0
BRDA:14,4,0,0
BRDA:14,4,1,0
BRF:11
BRH:4
end_of_record
TN:
SF:routes\middleware\registration.ts
FN:13,validateRegistrationForm
FN:34,(anonymous_1)
FN:64,register
FN:70,(anonymous_3)
FNF:4
FNH:0
FNDA:0,validateRegistrationForm
FNDA:0,(anonymous_1)
FNDA:0,register
FNDA:0,(anonymous_3)
DA:1,2
DA:16,0
DA:17,0
DA:18,0
DA:22,0
DA:23,0
DA:24,0
DA:28,0
DA:31,0
DA:32,0
DA:35,0
DA:37,0
DA:38,0
DA:41,0
DA:42,0
DA:44,0
DA:45,0
DA:48,0
DA:49,0
DA:50,0
DA:52,0
DA:53,0
DA:56,0
DA:58,0
DA:65,0
DA:68,0
DA:69,0
DA:70,0
DA:71,0
DA:77,0
LF:30
LH:1
BRDA:16,0,0,0
BRDA:16,0,1,0
BRDA:16,1,0,0
BRDA:16,1,1,0
BRDA:16,1,2,0
BRDA:16,1,3,0
BRDA:35,2,0,0
BRDA:35,2,1,0
BRDA:41,3,0,0
BRDA:41,3,1,0
BRDA:44,4,0,0
BRDA:44,4,1,0
BRDA:48,5,0,0
BRDA:48,5,1,0
BRDA:65,6,0,0
BRDA:65,6,1,0
BRDA:65,7,0,0
BRDA:65,7,1,0
BRDA:71,8,0,0
BRDA:71,8,1,0
BRF:20
BRH:0
end_of_record
TN:
SF:test\functional\helpers\extractToken.js
FN:10,extractToken
FN:13,(anonymous_1)
FN:14,(anonymous_2)
FNF:3
FNH:3
FNDA:3,extractToken
FNDA:4,(anonymous_1)
FNDA:4,(anonymous_2)
DA:1,1
DA:3,1
DA:11,3
DA:12,3
DA:13,4
DA:14,1
DA:15,4
DA:16,3
DA:17,2
DA:19,1
DA:22,1
LF:11
LH:11
BRDA:12,0,0,2
BRDA:12,0,1,1
BRDA:15,1,0,1
BRDA:15,1,1,3
BRDA:16,2,0,1
BRDA:16,2,1,2
BRF:6
BRH:6
end_of_record
